<?xml version="1.0" encoding="UTF-8"?>
<!-- Generated by org.testng.reporters.JUnitXMLReporter -->
<testsuite ignored="0" hostname="DESKTOP-S3L67R4" failures="2" tests="11" name="Surefire test" time="30.222" errors="0" timestamp="2025-04-14T23:00:04 EEST">
  <testcase classname="Lab2Tests" name="testCountOdd" time="0.007"/>
  <testcase classname="Lab2Tests" name="testCountOdd" time="0.001"/>
  <testcase classname="Lab2Tests" name="testCountOdd" time="0.001"/>
  <testcase classname="Lab2Tests" name="testCountOddWithParams" time="0.0">
    <failure type="org.testng.TestNGException" message="
Parameter &amp;apos;a&amp;apos; is required by @Test on method testCountOddWithParams but has not been marked @Optional or defined
">
      <![CDATA[org.testng.TestNGException: 
Parameter 'a' is required by @Test on method testCountOddWithParams but has not been marked @Optional or defined

at java.base/java.util.ArrayList.forEach(ArrayList.java:1596)
... Removed 31 stack frames]]>
    </failure>
  </testcase> <!-- testCountOddWithParams -->
  <testcase classname="Lab2Tests" name="testIsOdd" time="0.002"/>
  <testcase classname="Lab2Tests" name="testIsOdd" time="0.001"/>
  <testcase classname="Lab2Tests" name="testIsOdd" time="0.0"/>
  <testcase classname="Lab2Tests" name="testIsOdd" time="0.0"/>
  <testcase classname="lab_10.DemoqaButtonsTest" name="testClickButtons" time="3.806"/>
  <testcase classname="lab_11.DemoqaButtonsTest" name="testClickButtons" time="0.179"/>
  <testcase classname="lab_12.LabelTest" name="testLabel" time="15.454">
    <failure type="org.openqa.selenium.TimeoutException" message="Expected condition failed: waiting for visibility of element located by By.xpath: //*[contains(@class, &amp;apos;main-header&amp;apos;) or contains(@class, &amp;apos;playgound-header&amp;apos;)] (tried for 15 second(s) with 500 milliseconds interval)
Build info: version: &amp;apos;4.18.1&amp;apos;, revision: &amp;apos;b1d3319b48&amp;apos;
System info: os.name: &amp;apos;Windows 10&amp;apos;, os.arch: &amp;apos;amd64&amp;apos;, os.version: &amp;apos;10.0&amp;apos;, java.version: &amp;apos;21.0.6&amp;apos;
Driver info: org.openqa.selenium.chrome.ChromeDriver
Capabilities {acceptInsecureCerts: false, browserName: chrome, browserVersion: 135.0.7049.85, chrome: {chromedriverVersion: 135.0.7049.84 (6c019e560019..., userDataDir: C:\Users\mypcl\AppData\Loca...}, fedcm:accounts: true, goog:chromeOptions: {debuggerAddress: localhost:55076}, networkConnectionEnabled: false, pageLoadStrategy: normal, platformName: windows, proxy: Proxy(), se:cdp: ws://localhost:55076/devtoo..., se:cdpVersion: 135.0.7049.85, setWindowRect: true, strictFileInteractability: false, timeouts: {implicit: 0, pageLoad: 300000, script: 30000}, unhandledPromptBehavior: dismiss and notify, webauthn:extension:credBlob: true, webauthn:extension:largeBlob: true, webauthn:extension:minPinLength: true, webauthn:extension:prf: true, webauthn:virtualAuthenticators: true}
Session ID: 46ed9729ebda2d788c877fd3a5d873d0">
      <![CDATA[org.openqa.selenium.TimeoutException: Expected condition failed: waiting for visibility of element located by By.xpath: //*[contains(@class, 'main-header') or contains(@class, 'playgound-header')] (tried for 15 second(s) with 500 milliseconds interval)
Build info: version: '4.18.1', revision: 'b1d3319b48'
System info: os.name: 'Windows 10', os.arch: 'amd64', os.version: '10.0', java.version: '21.0.6'
Driver info: org.openqa.selenium.chrome.ChromeDriver
Capabilities {acceptInsecureCerts: false, browserName: chrome, browserVersion: 135.0.7049.85, chrome: {chromedriverVersion: 135.0.7049.84 (6c019e560019..., userDataDir: C:\Users\mypcl\AppData\Loca...}, fedcm:accounts: true, goog:chromeOptions: {debuggerAddress: localhost:55076}, networkConnectionEnabled: false, pageLoadStrategy: normal, platformName: windows, proxy: Proxy(), se:cdp: ws://localhost:55076/devtoo..., se:cdpVersion: 135.0.7049.85, setWindowRect: true, strictFileInteractability: false, timeouts: {implicit: 0, pageLoad: 300000, script: 30000}, unhandledPromptBehavior: dismiss and notify, webauthn:extension:credBlob: true, webauthn:extension:largeBlob: true, webauthn:extension:minPinLength: true, webauthn:extension:prf: true, webauthn:virtualAuthenticators: true}
Session ID: 46ed9729ebda2d788c877fd3a5d873d0
at org.openqa.selenium.support.ui.WebDriverWait.timeoutException(WebDriverWait.java:84)
at org.openqa.selenium.support.ui.FluentWait.until(FluentWait.java:228)
at lab_12.ButtonsPage.getLabelWrapper(ButtonsPage.java:36)
at lab_12.LabelTest.testLabel(LabelTest.java:26)
at java.base/java.util.ArrayList.forEach(ArrayList.java:1596)
... Removed 30 stack frames]]>
    </failure>
  </testcase> <!-- testLabel -->
</testsuite> <!-- Surefire test -->
